# JRE version: Java(TM) SE Runtime Environment (8.0_131-b11) (build 1.8.0_131-b11)
# Java VM: Java HotSpot(TM) 64-Bit Server VM (25.131-b11 mixed mode windows-amd64 compressed oops)
Heap:
 PSYoungGen      total 500224K, used 438272K [0x00000000d5980000, 0x00000000fec00000, 0x0000000100000000)
  eden space 438272K, 100% used [0x00000000d5980000,0x00000000f0580000,0x00000000f0580000)
  from space 61952K, 0% used [0x00000000f0580000,0x00000000f0580000,0x00000000f4200000)
  to   space 59392K, 18% used [0x00000000fb200000,0x00000000fbcb0338,0x00000000fec00000)
 ParOldGen       total 143360K, used 33859K [0x0000000080c00000, 0x0000000089800000, 0x00000000d5980000)
  object space 143360K, 23% used [0x0000000080c00000,0x0000000082d10cb0,0x0000000089800000)
 Metaspace       used 58996K, capacity 59900K, committed 60416K, reserved 1101824K
  class space    used 6839K, capacity 7121K, committed 7168K, reserved 1048576K
GC Heap History (10 events):
Event: 5.616 GC heap after
Heap after GC invocations=10 (full 2):
 PSYoungGen      total 368640K, used 0K [0x00000000d5980000, 0x00000000f5800000, 0x0000000100000000)
  eden space 338432K, 0% used [0x00000000d5980000,0x00000000d5980000,0x00000000ea400000)
  from space 30208K, 0% used [0x00000000ed080000,0x00000000ed080000,0x00000000eee00000)
  to   space 45568K, 0% used [0x00000000ea400000,0x00000000ea400000,0x00000000ed080000)
 ParOldGen       total 153088K, used 63057K [0x0000000080c00000, 0x000000008a180000, 0x00000000d5980000)
  object space 153088K, 41% used [0x0000000080c00000,0x0000000084994658,0x000000008a180000)
 Metaspace       used 23587K, capacity 24142K, committed 24448K, reserved 1071104K
  class space    used 2728K, capacity 2870K, committed 2944K, reserved 1048576K
}
Event: 6.521 GC heap before
{Heap before GC invocations=11 (full 2):
 PSYoungGen      total 368640K, used 338432K [0x00000000d5980000, 0x00000000f5800000, 0x0000000100000000)
  eden space 338432K, 100% used [0x00000000d5980000,0x00000000ea400000,0x00000000ea400000)
  from space 30208K, 0% used [0x00000000ed080000,0x00000000ed080000,0x00000000eee00000)
  to   space 45568K, 0% used [0x00000000ea400000,0x00000000ea400000,0x00000000ed080000)
 ParOldGen       total 153088K, used 63057K [0x0000000080c00000, 0x000000008a180000, 0x00000000d5980000)
  object space 153088K, 41% used [0x0000000080c00000,0x0000000084994658,0x000000008a180000)
 Metaspace       used 23608K, capacity 24152K, committed 24448K, reserved 1071104K
  class space    used 2730K, capacity 2872K, committed 2944K, reserved 1048576K
Event: 6.569 GC heap after
Heap after GC invocations=11 (full 2):
 PSYoungGen      total 384000K, used 45549K [0x00000000d5980000, 0x00000000f7980000, 0x0000000100000000)
  eden space 338432K, 0% used [0x00000000d5980000,0x00000000d5980000,0x00000000ea400000)
  from space 45568K, 99% used [0x00000000ea400000,0x00000000ed07b768,0x00000000ed080000)
  to   space 56832K, 0% used [0x00000000f4200000,0x00000000f4200000,0x00000000f7980000)
 ParOldGen       total 153088K, used 71476K [0x0000000080c00000, 0x000000008a180000, 0x00000000d5980000)
  object space 153088K, 46% used [0x0000000080c00000,0x00000000851cd1b8,0x000000008a180000)
 Metaspace       used 23608K, capacity 24152K, committed 24448K, reserved 1071104K
  class space    used 2730K, capacity 2872K, committed 2944K, reserved 1048576K
}
Event: 8.732 GC heap before
{Heap before GC invocations=12 (full 2):
 PSYoungGen      total 384000K, used 383981K [0x00000000d5980000, 0x00000000f7980000, 0x0000000100000000)
  eden space 338432K, 100% used [0x00000000d5980000,0x00000000ea400000,0x00000000ea400000)
  from space 45568K, 99% used [0x00000000ea400000,0x00000000ed07b768,0x00000000ed080000)
  to   space 56832K, 0% used [0x00000000f4200000,0x00000000f4200000,0x00000000f7980000)
 ParOldGen       total 153088K, used 71476K [0x0000000080c00000, 0x000000008a180000, 0x00000000d5980000)
  object space 153088K, 46% used [0x0000000080c00000,0x00000000851cd1b8,0x000000008a180000)
 Metaspace       used 30392K, capacity 31044K, committed 31232K, reserved 1077248K
  class space    used 3545K, capacity 3718K, committed 3840K, reserved 1048576K
Event: 8.822 GC heap after
Heap after GC invocations=12 (full 2):
 PSYoungGen      total 495104K, used 46153K [0x00000000d5980000, 0x00000000f8080000, 0x0000000100000000)
  eden space 438272K, 0% used [0x00000000d5980000,0x00000000d5980000,0x00000000f0580000)
  from space 56832K, 81% used [0x00000000f4200000,0x00000000f6f12438,0x00000000f7980000)
  to   space 61952K, 0% used [0x00000000f0580000,0x00000000f0580000,0x00000000f4200000)
 ParOldGen       total 153088K, used 71484K [0x0000000080c00000, 0x000000008a180000, 0x00000000d5980000)
  object space 153088K, 46% used [0x0000000080c00000,0x00000000851cf1b8,0x000000008a180000)
 Metaspace       used 30392K, capacity 31044K, committed 31232K, reserved 1077248K
  class space    used 3545K, capacity 3718K, committed 3840K, reserved 1048576K
}
Event: 12.211 GC heap before
{Heap before GC invocations=13 (full 2):
 PSYoungGen      total 495104K, used 203981K [0x00000000d5980000, 0x00000000f8080000, 0x0000000100000000)
  eden space 438272K, 36% used [0x00000000d5980000,0x00000000df3a10c8,0x00000000f0580000)
  from space 56832K, 81% used [0x00000000f4200000,0x00000000f6f12438,0x00000000f7980000)
  to   space 61952K, 0% used [0x00000000f0580000,0x00000000f0580000,0x00000000f4200000)
 ParOldGen       total 153088K, used 71484K [0x0000000080c00000, 0x000000008a180000, 0x00000000d5980000)
  object space 153088K, 46% used [0x0000000080c00000,0x00000000851cf1b8,0x000000008a180000)
 Metaspace       used 39869K, capacity 40498K, committed 40748K, reserved 1085440K
  class space    used 4749K, capacity 4915K, committed 4992K, reserved 1048576K
Event: 12.245 GC heap after
Heap after GC invocations=13 (full 2):
 PSYoungGen      total 500224K, used 18143K [0x00000000d5980000, 0x00000000fec00000, 0x0000000100000000)
  eden space 438272K, 0% used [0x00000000d5980000,0x00000000d5980000,0x00000000f0580000)
  from space 61952K, 29% used [0x00000000f0580000,0x00000000f1737ec8,0x00000000f4200000)
  to   space 59392K, 0% used [0x00000000fb200000,0x00000000fb200000,0x00000000fec00000)
 ParOldGen       total 153088K, used 75035K [0x0000000080c00000, 0x000000008a180000, 0x00000000d5980000)
  object space 153088K, 49% used [0x0000000080c00000,0x0000000085546d08,0x000000008a180000)
 Metaspace       used 39869K, capacity 40498K, committed 40748K, reserved 1085440K
  class space    used 4749K, capacity 4915K, committed 4992K, reserved 1048576K
}
Event: 12.245 GC heap before
{Heap before GC invocations=14 (full 3):
 PSYoungGen      total 500224K, used 18143K [0x00000000d5980000, 0x00000000fec00000, 0x0000000100000000)
  eden space 438272K, 0% used [0x00000000d5980000,0x00000000d5980000,0x00000000f0580000)
  from space 61952K, 29% used [0x00000000f0580000,0x00000000f1737ec8,0x00000000f4200000)
  to   space 59392K, 0% used [0x00000000fb200000,0x00000000fb200000,0x00000000fec00000)
 ParOldGen       total 153088K, used 75035K [0x0000000080c00000, 0x000000008a180000, 0x00000000d5980000)
  object space 153088K, 49% used [0x0000000080c00000,0x0000000085546d08,0x000000008a180000)
 Metaspace       used 39869K, capacity 40498K, committed 40748K, reserved 1085440K
  class space    used 4749K, capacity 4915K, committed 4992K, reserved 1048576K
Event: 12.454 GC heap after
Heap after GC invocations=14 (full 3):
 PSYoungGen      total 500224K, used 0K [0x00000000d5980000, 0x00000000fec00000, 0x0000000100000000)
  eden space 438272K, 0% used [0x00000000d5980000,0x00000000d5980000,0x00000000f0580000)
  from space 61952K, 0% used [0x00000000f0580000,0x00000000f0580000,0x00000000f4200000)
  to   space 59392K, 0% used [0x00000000fb200000,0x00000000fb200000,0x00000000fec00000)
 ParOldGen       total 143360K, used 33851K [0x0000000080c00000, 0x0000000089800000, 0x00000000d5980000)
  object space 143360K, 23% used [0x0000000080c00000,0x0000000082d0ecb0,0x0000000089800000)
 Metaspace       used 39854K, capacity 40474K, committed 40748K, reserved 1085440K
  class space    used 4747K, capacity 4911K, committed 4992K, reserved 1048576K
}
Event: 12617.644 GC heap before
{Heap before GC invocations=15 (full 3):
 PSYoungGen      total 500224K, used 438272K [0x00000000d5980000, 0x00000000fec00000, 0x0000000100000000)
  eden space 438272K, 100% used [0x00000000d5980000,0x00000000f0580000,0x00000000f0580000)
  from space 61952K, 0% used [0x00000000f0580000,0x00000000f0580000,0x00000000f4200000)
  to   space 59392K, 0% used [0x00000000fb200000,0x00000000fb200000,0x00000000fec00000)
 ParOldGen       total 143360K, used 33851K [0x0000000080c00000, 0x0000000089800000, 0x00000000d5980000)
  object space 143360K, 23% used [0x0000000080c00000,0x0000000082d0ecb0,0x0000000089800000)
 Metaspace       used 58996K, capacity 59900K, committed 60416K, reserved 1101824K
  class space    used 6839K, capacity 7121K, committed 7168K, reserved 1048576K

